<?xml version="1.0" encoding="UTF-8"?>
<coverage generated="1601991334796" clover="3.2.0">
  <project timestamp="1601991334796" name="All files">
    <metrics statements="11" coveredstatements="11" conditionals="0" coveredconditionals="0" methods="5" coveredmethods="5" elements="16" coveredelements="16" complexity="0" loc="11" ncloc="11" packages="1" files="3" classes="3"/>
    <file name="calc.js" path="/Users/sebastians/projects/jsdays-testing/jest/src/calc.js">
      <metrics statements="2" coveredstatements="2" conditionals="0" coveredconditionals="0" methods="1" coveredmethods="1"/>
      <line num="3" count="1" type="stmt"/>
      <line num="7" count="1" type="stmt"/>
    </file>
    <file name="fetchData.js" path="/Users/sebastians/projects/jsdays-testing/jest/src/fetchData.js">
      <metrics statements="5" coveredstatements="5" conditionals="0" coveredconditionals="0" methods="3" coveredmethods="3"/>
      <line num="2" count="2" type="stmt"/>
      <line num="15" count="2" type="stmt"/>
      <line num="16" count="2" type="stmt"/>
      <line num="17" count="2" type="stmt"/>
      <line num="22" count="1" type="stmt"/>
    </file>
    <file name="server.js" path="/Users/sebastians/projects/jsdays-testing/jest/src/server.js">
      <metrics statements="4" coveredstatements="4" conditionals="0" coveredconditionals="0" methods="1" coveredmethods="1"/>
      <line num="1" count="1" type="stmt"/>
      <line num="4" count="2" type="stmt"/>
      <line num="5" count="1" type="stmt"/>
      <line num="8" count="1" type="stmt"/>
    </file>
  </project>
</coverage>
