{"/Users/sebastians/projects/jsdays-testing/jest/src/calc.js": {"path":"/Users/sebastians/projects/jsdays-testing/jest/src/calc.js","statementMap":{"0":{"start":{"line":3,"column":4},"end":{"line":3,"column":17}},"1":{"start":{"line":7,"column":0},"end":{"line":7,"column":22}}},"fnMap":{"0":{"name":"(anonymous_0)","decl":{"start":{"line":2,"column":2},"end":{"line":2,"column":3}},"loc":{"start":{"line":2,"column":12},"end":{"line":4,"column":3}},"line":2}},"branchMap":{},"s":{"0":1,"1":1},"f":{"0":1},"b":{},"_coverageSchema":"1a1c01bbd47fc00a2c39e90264f33305004495a9","hash":"b4abc46dfc785a295bdbe8d0b82e07174bd53d61"}
,"/Users/sebastians/projects/jsdays-testing/jest/src/fetchData.js": {"path":"/Users/sebastians/projects/jsdays-testing/jest/src/fetchData.js","statementMap":{"0":{"start":{"line":2,"column":15},"end":{"line":13,"column":3}},"1":{"start":{"line":15,"column":2},"end":{"line":19,"column":5}},"2":{"start":{"line":16,"column":4},"end":{"line":18,"column":13}},"3":{"start":{"line":17,"column":6},"end":{"line":17,"column":20}},"4":{"start":{"line":22,"column":0},"end":{"line":22,"column":27}}},"fnMap":{"0":{"name":"fetchData","decl":{"start":{"line":1,"column":9},"end":{"line":1,"column":18}},"loc":{"start":{"line":1,"column":21},"end":{"line":20,"column":1}},"line":1},"1":{"name":"(anonymous_1)","decl":{"start":{"line":15,"column":21},"end":{"line":15,"column":22}},"loc":{"start":{"line":15,"column":42},"end":{"line":19,"column":3}},"line":15},"2":{"name":"(anonymous_2)","decl":{"start":{"line":16,"column":15},"end":{"line":16,"column":16}},"loc":{"start":{"line":16,"column":21},"end":{"line":18,"column":5}},"line":16}},"branchMap":{},"s":{"0":2,"1":2,"2":2,"3":2,"4":1},"f":{"0":2,"1":2,"2":2},"b":{},"_coverageSchema":"1a1c01bbd47fc00a2c39e90264f33305004495a9","hash":"be32ca55d705d467ab5b4c080a85090d169beba2"}
,"/Users/sebastians/projects/jsdays-testing/jest/src/server.js": {"path":"/Users/sebastians/projects/jsdays-testing/jest/src/server.js","statementMap":{"0":{"start":{"line":1,"column":14},"end":{"line":1,"column":30}},"1":{"start":{"line":4,"column":19},"end":{"line":4,"column":61}},"2":{"start":{"line":5,"column":2},"end":{"line":5,"column":23}},"3":{"start":{"line":8,"column":0},"end":{"line":8,"column":28}}},"fnMap":{"0":{"name":"fetchUsers","decl":{"start":{"line":3,"column":15},"end":{"line":3,"column":25}},"loc":{"start":{"line":3,"column":28},"end":{"line":6,"column":1}},"line":3}},"branchMap":{},"s":{"0":1,"1":2,"2":1,"3":1},"f":{"0":2},"b":{},"_coverageSchema":"1a1c01bbd47fc00a2c39e90264f33305004495a9","hash":"f9163409006472175c1438a05b777ee7cd0ddfaa"}
}
